{"numFailedTestSuites":0,"numFailedTests":0,"numPassedTestSuites":1,"numPassedTests":1,"numPendingTestSuites":0,"numPendingTests":0,"numRuntimeErrorTestSuites":0,"numTodoTests":0,"numTotalTestSuites":1,"numTotalTests":1,"openHandles":[],"snapshot":{"added":0,"didUpdate":false,"failure":false,"filesAdded":0,"filesRemoved":0,"filesRemovedList":[],"filesUnmatched":0,"filesUpdated":0,"matched":0,"total":0,"unchecked":0,"uncheckedKeysByFile":[],"unmatched":0,"updated":0},"startTime":1688093070726,"success":true,"testResults":[{"assertionResults":[{"ancestorTitles":["App"],"duration":16,"failureDetails":[],"failureMessages":[],"fullName":"App should return \"Welcome to Jenkins\" when GET request is made to \"/\"","invocations":1,"location":null,"numPassingAsserts":2,"retryReasons":[],"status":"passed","title":"should return \"Welcome to Jenkins\" when GET request is made to \"/\""}],"endTime":1688093071293,"message":"","name":"D:\\Coding\\learn-jenkins\\hello-world\\app.test.js","startTime":1688093070777,"status":"passed","summary":""}],"wasInterrupted":false}
